<?xml version="1.0" encoding="UTF-8"?>
<testsuite xmlns:xsi="http://www.w3.org/2001/XMLSchema-instance" xsi:noNamespaceSchemaLocation="https://maven.apache.org/surefire/maven-surefire-plugin/xsd/surefire-test-report.xsd" name="co.udea.proyecto.api.ProyectoUnitTest" time="53.622" tests="1" errors="0" skipped="0" failures="0">
  <properties>
    <property name="sun.desktop" value="windows"/>
    <property name="awt.toolkit" value="sun.awt.windows.WToolkit"/>
    <property name="file.encoding.pkg" value="sun.io"/>
    <property name="java.specification.version" value="1.8"/>
    <property name="sun.cpu.isalist" value="amd64"/>
    <property name="sun.jnu.encoding" value="Cp1252"/>
    <property name="java.class.path" value="C:\Users\Sofka\Documents\DianaGiraldo\Personal\Proyecto_Integrador2\back-end-GP\Backend-API\target\test-classes;C:\Users\Sofka\Documents\DianaGiraldo\Personal\Proyecto_Integrador2\back-end-GP\Backend-API\target\classes;D:\apache-archiva-2.2.4-bin\archiva\repositories\repoproyecto\org\springframework\boot\spring-boot-starter-web\2.0.4.RELEASE\spring-boot-starter-web-2.0.4.RELEASE.jar;D:\apache-archiva-2.2.4-bin\archiva\repositories\repoproyecto\org\springframework\boot\spring-boot-starter\2.0.4.RELEASE\spring-boot-starter-2.0.4.RELEASE.jar;D:\apache-archiva-2.2.4-bin\archiva\repositories\repoproyecto\org\springframework\boot\spring-boot\2.0.4.RELEASE\spring-boot-2.0.4.RELEASE.jar;D:\apache-archiva-2.2.4-bin\archiva\repositories\repoproyecto\org\springframework\boot\spring-boot-autoconfigure\2.0.4.RELEASE\spring-boot-autoconfigure-2.0.4.RELEASE.jar;D:\apache-archiva-2.2.4-bin\archiva\repositories\repoproyecto\org\springframework\boot\spring-boot-starter-logging\2.0.4.RELEASE\spring-boot-starter-logging-2.0.4.RELEASE.jar;D:\apache-archiva-2.2.4-bin\archiva\repositories\repoproyecto\ch\qos\logback\logback-classic\1.2.3\logback-classic-1.2.3.jar;D:\apache-archiva-2.2.4-bin\archiva\repositories\repoproyecto\ch\qos\logback\logback-core\1.2.3\logback-core-1.2.3.jar;D:\apache-archiva-2.2.4-bin\archiva\repositories\repoproyecto\org\apache\logging\log4j\log4j-to-slf4j\2.10.0\log4j-to-slf4j-2.10.0.jar;D:\apache-archiva-2.2.4-bin\archiva\repositories\repoproyecto\org\apache\logging\log4j\log4j-api\2.10.0\log4j-api-2.10.0.jar;D:\apache-archiva-2.2.4-bin\archiva\repositories\repoproyecto\org\slf4j\jul-to-slf4j\1.7.25\jul-to-slf4j-1.7.25.jar;D:\apache-archiva-2.2.4-bin\archiva\repositories\repoproyecto\org\yaml\snakeyaml\1.19\snakeyaml-1.19.jar;D:\apache-archiva-2.2.4-bin\archiva\repositories\repoproyecto\org\springframework\boot\spring-boot-starter-json\2.0.4.RELEASE\spring-boot-starter-json-2.0.4.RELEASE.jar;D:\apache-archiva-2.2.4-bin\archiva\repositories\repoproyecto\com\fasterxml\jackson\core\jackson-databind\2.9.6\jackson-databind-2.9.6.jar;D:\apache-archiva-2.2.4-bin\archiva\repositories\repoproyecto\com\fasterxml\jackson\core\jackson-core\2.9.6\jackson-core-2.9.6.jar;D:\apache-archiva-2.2.4-bin\archiva\repositories\repoproyecto\com\fasterxml\jackson\datatype\jackson-datatype-jdk8\2.9.6\jackson-datatype-jdk8-2.9.6.jar;D:\apache-archiva-2.2.4-bin\archiva\repositories\repoproyecto\com\fasterxml\jackson\datatype\jackson-datatype-jsr310\2.9.6\jackson-datatype-jsr310-2.9.6.jar;D:\apache-archiva-2.2.4-bin\archiva\repositories\repoproyecto\com\fasterxml\jackson\module\jackson-module-parameter-names\2.9.6\jackson-module-parameter-names-2.9.6.jar;D:\apache-archiva-2.2.4-bin\archiva\repositories\repoproyecto\org\hibernate\validator\hibernate-validator\6.0.11.Final\hibernate-validator-6.0.11.Final.jar;D:\apache-archiva-2.2.4-bin\archiva\repositories\repoproyecto\javax\validation\validation-api\2.0.1.Final\validation-api-2.0.1.Final.jar;D:\apache-archiva-2.2.4-bin\archiva\repositories\repoproyecto\org\jboss\logging\jboss-logging\3.3.2.Final\jboss-logging-3.3.2.Final.jar;D:\apache-archiva-2.2.4-bin\archiva\repositories\repoproyecto\org\springframework\spring-web\5.0.8.RELEASE\spring-web-5.0.8.RELEASE.jar;D:\apache-archiva-2.2.4-bin\archiva\repositories\repoproyecto\org\springframework\spring-beans\5.0.8.RELEASE\spring-beans-5.0.8.RELEASE.jar;D:\apache-archiva-2.2.4-bin\archiva\repositories\repoproyecto\org\springframework\spring-webmvc\5.0.8.RELEASE\spring-webmvc-5.0.8.RELEASE.jar;D:\apache-archiva-2.2.4-bin\archiva\repositories\repoproyecto\org\springframework\spring-aop\5.0.8.RELEASE\spring-aop-5.0.8.RELEASE.jar;D:\apache-archiva-2.2.4-bin\archiva\repositories\repoproyecto\org\springframework\spring-context\5.0.8.RELEASE\spring-context-5.0.8.RELEASE.jar;D:\apache-archiva-2.2.4-bin\archiva\repositories\repoproyecto\org\springframework\spring-expression\5.0.8.RELEASE\spring-expression-5.0.8.RELEASE.jar;D:\apache-archiva-2.2.4-bin\archiva\repositories\repoproyecto\org\springframework\boot\spring-boot-starter-jdbc\2.1.1.RELEASE\spring-boot-starter-jdbc-2.1.1.RELEASE.jar;D:\apache-archiva-2.2.4-bin\archiva\repositories\repoproyecto\com\zaxxer\HikariCP\2.7.9\HikariCP-2.7.9.jar;D:\apache-archiva-2.2.4-bin\archiva\repositories\repoproyecto\org\springframework\spring-jdbc\5.0.8.RELEASE\spring-jdbc-5.0.8.RELEASE.jar;D:\apache-archiva-2.2.4-bin\archiva\repositories\repoproyecto\org\springframework\spring-tx\5.0.8.RELEASE\spring-tx-5.0.8.RELEASE.jar;D:\apache-archiva-2.2.4-bin\archiva\repositories\repoproyecto\org\springframework\boot\spring-boot-starter-tomcat\2.0.4.RELEASE\spring-boot-starter-tomcat-2.0.4.RELEASE.jar;D:\apache-archiva-2.2.4-bin\archiva\repositories\repoproyecto\javax\annotation\javax.annotation-api\1.3.2\javax.annotation-api-1.3.2.jar;D:\apache-archiva-2.2.4-bin\archiva\repositories\repoproyecto\org\apache\tomcat\embed\tomcat-embed-core\8.5.32\tomcat-embed-core-8.5.32.jar;D:\apache-archiva-2.2.4-bin\archiva\repositories\repoproyecto\org\apache\tomcat\embed\tomcat-embed-el\8.5.32\tomcat-embed-el-8.5.32.jar;D:\apache-archiva-2.2.4-bin\archiva\repositories\repoproyecto\org\apache\tomcat\embed\tomcat-embed-websocket\8.5.32\tomcat-embed-websocket-8.5.32.jar;D:\apache-archiva-2.2.4-bin\archiva\repositories\repoproyecto\org\springframework\boot\spring-boot-starter-test\2.0.4.RELEASE\spring-boot-starter-test-2.0.4.RELEASE.jar;D:\apache-archiva-2.2.4-bin\archiva\repositories\repoproyecto\org\springframework\boot\spring-boot-test\2.0.4.RELEASE\spring-boot-test-2.0.4.RELEASE.jar;D:\apache-archiva-2.2.4-bin\archiva\repositories\repoproyecto\org\springframework\boot\spring-boot-test-autoconfigure\2.0.4.RELEASE\spring-boot-test-autoconfigure-2.0.4.RELEASE.jar;D:\apache-archiva-2.2.4-bin\archiva\repositories\repoproyecto\com\jayway\jsonpath\json-path\2.4.0\json-path-2.4.0.jar;D:\apache-archiva-2.2.4-bin\archiva\repositories\repoproyecto\net\minidev\json-smart\2.3\json-smart-2.3.jar;D:\apache-archiva-2.2.4-bin\archiva\repositories\repoproyecto\net\minidev\accessors-smart\1.2\accessors-smart-1.2.jar;D:\apache-archiva-2.2.4-bin\archiva\repositories\repoproyecto\org\ow2\asm\asm\5.0.4\asm-5.0.4.jar;D:\apache-archiva-2.2.4-bin\archiva\repositories\repoproyecto\org\mockito\mockito-core\2.15.0\mockito-core-2.15.0.jar;D:\apache-archiva-2.2.4-bin\archiva\repositories\repoproyecto\net\bytebuddy\byte-buddy\1.7.11\byte-buddy-1.7.11.jar;D:\apache-archiva-2.2.4-bin\archiva\repositories\repoproyecto\net\bytebuddy\byte-buddy-agent\1.7.11\byte-buddy-agent-1.7.11.jar;D:\apache-archiva-2.2.4-bin\archiva\repositories\repoproyecto\org\objenesis\objenesis\2.6\objenesis-2.6.jar;D:\apache-archiva-2.2.4-bin\archiva\repositories\repoproyecto\org\hamcrest\hamcrest-core\1.3\hamcrest-core-1.3.jar;D:\apache-archiva-2.2.4-bin\archiva\repositories\repoproyecto\org\hamcrest\hamcrest-library\1.3\hamcrest-library-1.3.jar;D:\apache-archiva-2.2.4-bin\archiva\repositories\repoproyecto\org\skyscreamer\jsonassert\1.5.0\jsonassert-1.5.0.jar;D:\apache-archiva-2.2.4-bin\archiva\repositories\repoproyecto\com\vaadin\external\google\android-json\0.0.20131108.vaadin1\android-json-0.0.20131108.vaadin1.jar;D:\apache-archiva-2.2.4-bin\archiva\repositories\repoproyecto\org\springframework\spring-core\5.0.8.RELEASE\spring-core-5.0.8.RELEASE.jar;D:\apache-archiva-2.2.4-bin\archiva\repositories\repoproyecto\org\springframework\spring-jcl\5.0.8.RELEASE\spring-jcl-5.0.8.RELEASE.jar;D:\apache-archiva-2.2.4-bin\archiva\repositories\repoproyecto\org\springframework\spring-test\5.0.8.RELEASE\spring-test-5.0.8.RELEASE.jar;D:\apache-archiva-2.2.4-bin\archiva\repositories\repoproyecto\org\xmlunit\xmlunit-core\2.5.1\xmlunit-core-2.5.1.jar;D:\apache-archiva-2.2.4-bin\archiva\repositories\repoproyecto\org\springframework\boot\spring-boot-starter-data-jpa\2.0.4.RELEASE\spring-boot-starter-data-jpa-2.0.4.RELEASE.jar;D:\apache-archiva-2.2.4-bin\archiva\repositories\repoproyecto\org\springframework\boot\spring-boot-starter-aop\2.0.4.RELEASE\spring-boot-starter-aop-2.0.4.RELEASE.jar;D:\apache-archiva-2.2.4-bin\archiva\repositories\repoproyecto\org\aspectj\aspectjweaver\1.8.13\aspectjweaver-1.8.13.jar;D:\apache-archiva-2.2.4-bin\archiva\repositories\repoproyecto\org\hibernate\hibernate-core\5.2.17.Final\hibernate-core-5.2.17.Final.jar;D:\apache-archiva-2.2.4-bin\archiva\repositories\repoproyecto\org\hibernate\javax\persistence\hibernate-jpa-2.1-api\1.0.2.Final\hibernate-jpa-2.1-api-1.0.2.Final.jar;D:\apache-archiva-2.2.4-bin\archiva\repositories\repoproyecto\org\javassist\javassist\3.22.0-GA\javassist-3.22.0-GA.jar;D:\apache-archiva-2.2.4-bin\archiva\repositories\repoproyecto\antlr\antlr\2.7.7\antlr-2.7.7.jar;D:\apache-archiva-2.2.4-bin\archiva\repositories\repoproyecto\org\jboss\jandex\2.0.3.Final\jandex-2.0.3.Final.jar;D:\apache-archiva-2.2.4-bin\archiva\repositories\repoproyecto\dom4j\dom4j\1.6.1\dom4j-1.6.1.jar;D:\apache-archiva-2.2.4-bin\archiva\repositories\repoproyecto\org\hibernate\common\hibernate-commons-annotations\5.0.1.Final\hibernate-commons-annotations-5.0.1.Final.jar;D:\apache-archiva-2.2.4-bin\archiva\repositories\repoproyecto\javax\transaction\javax.transaction-api\1.2\javax.transaction-api-1.2.jar;D:\apache-archiva-2.2.4-bin\archiva\repositories\repoproyecto\org\springframework\data\spring-data-jpa\2.0.9.RELEASE\spring-data-jpa-2.0.9.RELEASE.jar;D:\apache-archiva-2.2.4-bin\archiva\repositories\repoproyecto\org\springframework\data\spring-data-commons\2.0.9.RELEASE\spring-data-commons-2.0.9.RELEASE.jar;D:\apache-archiva-2.2.4-bin\archiva\repositories\repoproyecto\org\springframework\spring-orm\5.0.8.RELEASE\spring-orm-5.0.8.RELEASE.jar;D:\apache-archiva-2.2.4-bin\archiva\repositories\repoproyecto\org\springframework\spring-aspects\5.0.8.RELEASE\spring-aspects-5.0.8.RELEASE.jar;D:\apache-archiva-2.2.4-bin\archiva\repositories\repoproyecto\org\postgresql\postgresql\42.2.4\postgresql-42.2.4.jar;D:\apache-archiva-2.2.4-bin\archiva\repositories\repoproyecto\io\springfox\springfox-swagger2\2.7.0\springfox-swagger2-2.7.0.jar;D:\apache-archiva-2.2.4-bin\archiva\repositories\repoproyecto\io\swagger\swagger-annotations\1.5.13\swagger-annotations-1.5.13.jar;D:\apache-archiva-2.2.4-bin\archiva\repositories\repoproyecto\io\swagger\swagger-models\1.5.13\swagger-models-1.5.13.jar;D:\apache-archiva-2.2.4-bin\archiva\repositories\repoproyecto\com\fasterxml\jackson\core\jackson-annotations\2.9.0\jackson-annotations-2.9.0.jar;D:\apache-archiva-2.2.4-bin\archiva\repositories\repoproyecto\io\springfox\springfox-spi\2.7.0\springfox-spi-2.7.0.jar;D:\apache-archiva-2.2.4-bin\archiva\repositories\repoproyecto\io\springfox\springfox-core\2.7.0\springfox-core-2.7.0.jar;D:\apache-archiva-2.2.4-bin\archiva\repositories\repoproyecto\io\springfox\springfox-schema\2.7.0\springfox-schema-2.7.0.jar;D:\apache-archiva-2.2.4-bin\archiva\repositories\repoproyecto\io\springfox\springfox-swagger-common\2.7.0\springfox-swagger-common-2.7.0.jar;D:\apache-archiva-2.2.4-bin\archiva\repositories\repoproyecto\io\springfox\springfox-spring-web\2.7.0\springfox-spring-web-2.7.0.jar;D:\apache-archiva-2.2.4-bin\archiva\repositories\repoproyecto\org\reflections\reflections\0.9.11\reflections-0.9.11.jar;D:\apache-archiva-2.2.4-bin\archiva\repositories\repoproyecto\com\google\guava\guava\18.0\guava-18.0.jar;D:\apache-archiva-2.2.4-bin\archiva\repositories\repoproyecto\com\fasterxml\classmate\1.3.4\classmate-1.3.4.jar;D:\apache-archiva-2.2.4-bin\archiva\repositories\repoproyecto\org\slf4j\slf4j-api\1.7.25\slf4j-api-1.7.25.jar;D:\apache-archiva-2.2.4-bin\archiva\repositories\repoproyecto\org\springframework\plugin\spring-plugin-core\1.2.0.RELEASE\spring-plugin-core-1.2.0.RELEASE.jar;D:\apache-archiva-2.2.4-bin\archiva\repositories\repoproyecto\org\springframework\plugin\spring-plugin-metadata\1.2.0.RELEASE\spring-plugin-metadata-1.2.0.RELEASE.jar;D:\apache-archiva-2.2.4-bin\archiva\repositories\repoproyecto\org\mapstruct\mapstruct\1.1.0.Final\mapstruct-1.1.0.Final.jar;D:\apache-archiva-2.2.4-bin\archiva\repositories\repoproyecto\io\springfox\springfox-swagger-ui\2.7.0\springfox-swagger-ui-2.7.0.jar;D:\apache-archiva-2.2.4-bin\archiva\repositories\repoproyecto\org\modelmapper\modelmapper\2.3.0\modelmapper-2.3.0.jar;D:\apache-archiva-2.2.4-bin\archiva\repositories\repoproyecto\org\assertj\assertj-core\3.6.2\assertj-core-3.6.2.jar;D:\apache-archiva-2.2.4-bin\archiva\repositories\repoproyecto\com\github\springtestdbunit\spring-test-dbunit\1.3.0\spring-test-dbunit-1.3.0.jar;D:\apache-archiva-2.2.4-bin\archiva\repositories\repoproyecto\javax\inject\javax.inject\1\javax.inject-1.jar;D:\apache-archiva-2.2.4-bin\archiva\repositories\repoproyecto\com\h2database\h2\1.4.197\h2-1.4.197.jar;D:\apache-archiva-2.2.4-bin\archiva\repositories\repoproyecto\org\dbunit\dbunit\2.5.0\dbunit-2.5.0.jar;D:\apache-archiva-2.2.4-bin\archiva\repositories\repoproyecto\commons-collections\commons-collections\3.2.1\commons-collections-3.2.1.jar;D:\apache-archiva-2.2.4-bin\archiva\repositories\repoproyecto\junit\junit\4.12\junit-4.12.jar;"/>
    <property name="java.vm.vendor" value="Oracle Corporation"/>
    <property name="sun.arch.data.model" value="64"/>
    <property name="user.variant" value=""/>
    <property name="java.vendor.url" value="http://java.oracle.com/"/>
    <property name="user.timezone" value=""/>
    <property name="java.vm.specification.version" value="1.8"/>
    <property name="os.name" value="Windows 10"/>
    <property name="user.country" value="CO"/>
    <property name="sun.java.launcher" value="SUN_STANDARD"/>
    <property name="sun.boot.library.path" value="C:\Program Files\Java\jdk1.8.0_221\jre\bin"/>
    <property name="sun.java.command" value="C:\Users\Sofka\AppData\Local\Temp\surefire1771073360916091601\surefirebooter3427067811856365304.jar C:\Users\Sofka\AppData\Local\Temp\surefire1771073360916091601 2019-10-02T16-06-08_406-jvmRun1 surefire2758800108752562531tmp surefire_08148469652288427746tmp"/>
    <property name="surefire.test.class.path" value="C:\Users\Sofka\Documents\DianaGiraldo\Personal\Proyecto_Integrador2\back-end-GP\Backend-API\target\test-classes;C:\Users\Sofka\Documents\DianaGiraldo\Personal\Proyecto_Integrador2\back-end-GP\Backend-API\target\classes;D:\apache-archiva-2.2.4-bin\archiva\repositories\repoproyecto\org\springframework\boot\spring-boot-starter-web\2.0.4.RELEASE\spring-boot-starter-web-2.0.4.RELEASE.jar;D:\apache-archiva-2.2.4-bin\archiva\repositories\repoproyecto\org\springframework\boot\spring-boot-starter\2.0.4.RELEASE\spring-boot-starter-2.0.4.RELEASE.jar;D:\apache-archiva-2.2.4-bin\archiva\repositories\repoproyecto\org\springframework\boot\spring-boot\2.0.4.RELEASE\spring-boot-2.0.4.RELEASE.jar;D:\apache-archiva-2.2.4-bin\archiva\repositories\repoproyecto\org\springframework\boot\spring-boot-autoconfigure\2.0.4.RELEASE\spring-boot-autoconfigure-2.0.4.RELEASE.jar;D:\apache-archiva-2.2.4-bin\archiva\repositories\repoproyecto\org\springframework\boot\spring-boot-starter-logging\2.0.4.RELEASE\spring-boot-starter-logging-2.0.4.RELEASE.jar;D:\apache-archiva-2.2.4-bin\archiva\repositories\repoproyecto\ch\qos\logback\logback-classic\1.2.3\logback-classic-1.2.3.jar;D:\apache-archiva-2.2.4-bin\archiva\repositories\repoproyecto\ch\qos\logback\logback-core\1.2.3\logback-core-1.2.3.jar;D:\apache-archiva-2.2.4-bin\archiva\repositories\repoproyecto\org\apache\logging\log4j\log4j-to-slf4j\2.10.0\log4j-to-slf4j-2.10.0.jar;D:\apache-archiva-2.2.4-bin\archiva\repositories\repoproyecto\org\apache\logging\log4j\log4j-api\2.10.0\log4j-api-2.10.0.jar;D:\apache-archiva-2.2.4-bin\archiva\repositories\repoproyecto\org\slf4j\jul-to-slf4j\1.7.25\jul-to-slf4j-1.7.25.jar;D:\apache-archiva-2.2.4-bin\archiva\repositories\repoproyecto\org\yaml\snakeyaml\1.19\snakeyaml-1.19.jar;D:\apache-archiva-2.2.4-bin\archiva\repositories\repoproyecto\org\springframework\boot\spring-boot-starter-json\2.0.4.RELEASE\spring-boot-starter-json-2.0.4.RELEASE.jar;D:\apache-archiva-2.2.4-bin\archiva\repositories\repoproyecto\com\fasterxml\jackson\core\jackson-databind\2.9.6\jackson-databind-2.9.6.jar;D:\apache-archiva-2.2.4-bin\archiva\repositories\repoproyecto\com\fasterxml\jackson\core\jackson-core\2.9.6\jackson-core-2.9.6.jar;D:\apache-archiva-2.2.4-bin\archiva\repositories\repoproyecto\com\fasterxml\jackson\datatype\jackson-datatype-jdk8\2.9.6\jackson-datatype-jdk8-2.9.6.jar;D:\apache-archiva-2.2.4-bin\archiva\repositories\repoproyecto\com\fasterxml\jackson\datatype\jackson-datatype-jsr310\2.9.6\jackson-datatype-jsr310-2.9.6.jar;D:\apache-archiva-2.2.4-bin\archiva\repositories\repoproyecto\com\fasterxml\jackson\module\jackson-module-parameter-names\2.9.6\jackson-module-parameter-names-2.9.6.jar;D:\apache-archiva-2.2.4-bin\archiva\repositories\repoproyecto\org\hibernate\validator\hibernate-validator\6.0.11.Final\hibernate-validator-6.0.11.Final.jar;D:\apache-archiva-2.2.4-bin\archiva\repositories\repoproyecto\javax\validation\validation-api\2.0.1.Final\validation-api-2.0.1.Final.jar;D:\apache-archiva-2.2.4-bin\archiva\repositories\repoproyecto\org\jboss\logging\jboss-logging\3.3.2.Final\jboss-logging-3.3.2.Final.jar;D:\apache-archiva-2.2.4-bin\archiva\repositories\repoproyecto\org\springframework\spring-web\5.0.8.RELEASE\spring-web-5.0.8.RELEASE.jar;D:\apache-archiva-2.2.4-bin\archiva\repositories\repoproyecto\org\springframework\spring-beans\5.0.8.RELEASE\spring-beans-5.0.8.RELEASE.jar;D:\apache-archiva-2.2.4-bin\archiva\repositories\repoproyecto\org\springframework\spring-webmvc\5.0.8.RELEASE\spring-webmvc-5.0.8.RELEASE.jar;D:\apache-archiva-2.2.4-bin\archiva\repositories\repoproyecto\org\springframework\spring-aop\5.0.8.RELEASE\spring-aop-5.0.8.RELEASE.jar;D:\apache-archiva-2.2.4-bin\archiva\repositories\repoproyecto\org\springframework\spring-context\5.0.8.RELEASE\spring-context-5.0.8.RELEASE.jar;D:\apache-archiva-2.2.4-bin\archiva\repositories\repoproyecto\org\springframework\spring-expression\5.0.8.RELEASE\spring-expression-5.0.8.RELEASE.jar;D:\apache-archiva-2.2.4-bin\archiva\repositories\repoproyecto\org\springframework\boot\spring-boot-starter-jdbc\2.1.1.RELEASE\spring-boot-starter-jdbc-2.1.1.RELEASE.jar;D:\apache-archiva-2.2.4-bin\archiva\repositories\repoproyecto\com\zaxxer\HikariCP\2.7.9\HikariCP-2.7.9.jar;D:\apache-archiva-2.2.4-bin\archiva\repositories\repoproyecto\org\springframework\spring-jdbc\5.0.8.RELEASE\spring-jdbc-5.0.8.RELEASE.jar;D:\apache-archiva-2.2.4-bin\archiva\repositories\repoproyecto\org\springframework\spring-tx\5.0.8.RELEASE\spring-tx-5.0.8.RELEASE.jar;D:\apache-archiva-2.2.4-bin\archiva\repositories\repoproyecto\org\springframework\boot\spring-boot-starter-tomcat\2.0.4.RELEASE\spring-boot-starter-tomcat-2.0.4.RELEASE.jar;D:\apache-archiva-2.2.4-bin\archiva\repositories\repoproyecto\javax\annotation\javax.annotation-api\1.3.2\javax.annotation-api-1.3.2.jar;D:\apache-archiva-2.2.4-bin\archiva\repositories\repoproyecto\org\apache\tomcat\embed\tomcat-embed-core\8.5.32\tomcat-embed-core-8.5.32.jar;D:\apache-archiva-2.2.4-bin\archiva\repositories\repoproyecto\org\apache\tomcat\embed\tomcat-embed-el\8.5.32\tomcat-embed-el-8.5.32.jar;D:\apache-archiva-2.2.4-bin\archiva\repositories\repoproyecto\org\apache\tomcat\embed\tomcat-embed-websocket\8.5.32\tomcat-embed-websocket-8.5.32.jar;D:\apache-archiva-2.2.4-bin\archiva\repositories\repoproyecto\org\springframework\boot\spring-boot-starter-test\2.0.4.RELEASE\spring-boot-starter-test-2.0.4.RELEASE.jar;D:\apache-archiva-2.2.4-bin\archiva\repositories\repoproyecto\org\springframework\boot\spring-boot-test\2.0.4.RELEASE\spring-boot-test-2.0.4.RELEASE.jar;D:\apache-archiva-2.2.4-bin\archiva\repositories\repoproyecto\org\springframework\boot\spring-boot-test-autoconfigure\2.0.4.RELEASE\spring-boot-test-autoconfigure-2.0.4.RELEASE.jar;D:\apache-archiva-2.2.4-bin\archiva\repositories\repoproyecto\com\jayway\jsonpath\json-path\2.4.0\json-path-2.4.0.jar;D:\apache-archiva-2.2.4-bin\archiva\repositories\repoproyecto\net\minidev\json-smart\2.3\json-smart-2.3.jar;D:\apache-archiva-2.2.4-bin\archiva\repositories\repoproyecto\net\minidev\accessors-smart\1.2\accessors-smart-1.2.jar;D:\apache-archiva-2.2.4-bin\archiva\repositories\repoproyecto\org\ow2\asm\asm\5.0.4\asm-5.0.4.jar;D:\apache-archiva-2.2.4-bin\archiva\repositories\repoproyecto\org\mockito\mockito-core\2.15.0\mockito-core-2.15.0.jar;D:\apache-archiva-2.2.4-bin\archiva\repositories\repoproyecto\net\bytebuddy\byte-buddy\1.7.11\byte-buddy-1.7.11.jar;D:\apache-archiva-2.2.4-bin\archiva\repositories\repoproyecto\net\bytebuddy\byte-buddy-agent\1.7.11\byte-buddy-agent-1.7.11.jar;D:\apache-archiva-2.2.4-bin\archiva\repositories\repoproyecto\org\objenesis\objenesis\2.6\objenesis-2.6.jar;D:\apache-archiva-2.2.4-bin\archiva\repositories\repoproyecto\org\hamcrest\hamcrest-core\1.3\hamcrest-core-1.3.jar;D:\apache-archiva-2.2.4-bin\archiva\repositories\repoproyecto\org\hamcrest\hamcrest-library\1.3\hamcrest-library-1.3.jar;D:\apache-archiva-2.2.4-bin\archiva\repositories\repoproyecto\org\skyscreamer\jsonassert\1.5.0\jsonassert-1.5.0.jar;D:\apache-archiva-2.2.4-bin\archiva\repositories\repoproyecto\com\vaadin\external\google\android-json\0.0.20131108.vaadin1\android-json-0.0.20131108.vaadin1.jar;D:\apache-archiva-2.2.4-bin\archiva\repositories\repoproyecto\org\springframework\spring-core\5.0.8.RELEASE\spring-core-5.0.8.RELEASE.jar;D:\apache-archiva-2.2.4-bin\archiva\repositories\repoproyecto\org\springframework\spring-jcl\5.0.8.RELEASE\spring-jcl-5.0.8.RELEASE.jar;D:\apache-archiva-2.2.4-bin\archiva\repositories\repoproyecto\org\springframework\spring-test\5.0.8.RELEASE\spring-test-5.0.8.RELEASE.jar;D:\apache-archiva-2.2.4-bin\archiva\repositories\repoproyecto\org\xmlunit\xmlunit-core\2.5.1\xmlunit-core-2.5.1.jar;D:\apache-archiva-2.2.4-bin\archiva\repositories\repoproyecto\org\springframework\boot\spring-boot-starter-data-jpa\2.0.4.RELEASE\spring-boot-starter-data-jpa-2.0.4.RELEASE.jar;D:\apache-archiva-2.2.4-bin\archiva\repositories\repoproyecto\org\springframework\boot\spring-boot-starter-aop\2.0.4.RELEASE\spring-boot-starter-aop-2.0.4.RELEASE.jar;D:\apache-archiva-2.2.4-bin\archiva\repositories\repoproyecto\org\aspectj\aspectjweaver\1.8.13\aspectjweaver-1.8.13.jar;D:\apache-archiva-2.2.4-bin\archiva\repositories\repoproyecto\org\hibernate\hibernate-core\5.2.17.Final\hibernate-core-5.2.17.Final.jar;D:\apache-archiva-2.2.4-bin\archiva\repositories\repoproyecto\org\hibernate\javax\persistence\hibernate-jpa-2.1-api\1.0.2.Final\hibernate-jpa-2.1-api-1.0.2.Final.jar;D:\apache-archiva-2.2.4-bin\archiva\repositories\repoproyecto\org\javassist\javassist\3.22.0-GA\javassist-3.22.0-GA.jar;D:\apache-archiva-2.2.4-bin\archiva\repositories\repoproyecto\antlr\antlr\2.7.7\antlr-2.7.7.jar;D:\apache-archiva-2.2.4-bin\archiva\repositories\repoproyecto\org\jboss\jandex\2.0.3.Final\jandex-2.0.3.Final.jar;D:\apache-archiva-2.2.4-bin\archiva\repositories\repoproyecto\dom4j\dom4j\1.6.1\dom4j-1.6.1.jar;D:\apache-archiva-2.2.4-bin\archiva\repositories\repoproyecto\org\hibernate\common\hibernate-commons-annotations\5.0.1.Final\hibernate-commons-annotations-5.0.1.Final.jar;D:\apache-archiva-2.2.4-bin\archiva\repositories\repoproyecto\javax\transaction\javax.transaction-api\1.2\javax.transaction-api-1.2.jar;D:\apache-archiva-2.2.4-bin\archiva\repositories\repoproyecto\org\springframework\data\spring-data-jpa\2.0.9.RELEASE\spring-data-jpa-2.0.9.RELEASE.jar;D:\apache-archiva-2.2.4-bin\archiva\repositories\repoproyecto\org\springframework\data\spring-data-commons\2.0.9.RELEASE\spring-data-commons-2.0.9.RELEASE.jar;D:\apache-archiva-2.2.4-bin\archiva\repositories\repoproyecto\org\springframework\spring-orm\5.0.8.RELEASE\spring-orm-5.0.8.RELEASE.jar;D:\apache-archiva-2.2.4-bin\archiva\repositories\repoproyecto\org\springframework\spring-aspects\5.0.8.RELEASE\spring-aspects-5.0.8.RELEASE.jar;D:\apache-archiva-2.2.4-bin\archiva\repositories\repoproyecto\org\postgresql\postgresql\42.2.4\postgresql-42.2.4.jar;D:\apache-archiva-2.2.4-bin\archiva\repositories\repoproyecto\io\springfox\springfox-swagger2\2.7.0\springfox-swagger2-2.7.0.jar;D:\apache-archiva-2.2.4-bin\archiva\repositories\repoproyecto\io\swagger\swagger-annotations\1.5.13\swagger-annotations-1.5.13.jar;D:\apache-archiva-2.2.4-bin\archiva\repositories\repoproyecto\io\swagger\swagger-models\1.5.13\swagger-models-1.5.13.jar;D:\apache-archiva-2.2.4-bin\archiva\repositories\repoproyecto\com\fasterxml\jackson\core\jackson-annotations\2.9.0\jackson-annotations-2.9.0.jar;D:\apache-archiva-2.2.4-bin\archiva\repositories\repoproyecto\io\springfox\springfox-spi\2.7.0\springfox-spi-2.7.0.jar;D:\apache-archiva-2.2.4-bin\archiva\repositories\repoproyecto\io\springfox\springfox-core\2.7.0\springfox-core-2.7.0.jar;D:\apache-archiva-2.2.4-bin\archiva\repositories\repoproyecto\io\springfox\springfox-schema\2.7.0\springfox-schema-2.7.0.jar;D:\apache-archiva-2.2.4-bin\archiva\repositories\repoproyecto\io\springfox\springfox-swagger-common\2.7.0\springfox-swagger-common-2.7.0.jar;D:\apache-archiva-2.2.4-bin\archiva\repositories\repoproyecto\io\springfox\springfox-spring-web\2.7.0\springfox-spring-web-2.7.0.jar;D:\apache-archiva-2.2.4-bin\archiva\repositories\repoproyecto\org\reflections\reflections\0.9.11\reflections-0.9.11.jar;D:\apache-archiva-2.2.4-bin\archiva\repositories\repoproyecto\com\google\guava\guava\18.0\guava-18.0.jar;D:\apache-archiva-2.2.4-bin\archiva\repositories\repoproyecto\com\fasterxml\classmate\1.3.4\classmate-1.3.4.jar;D:\apache-archiva-2.2.4-bin\archiva\repositories\repoproyecto\org\slf4j\slf4j-api\1.7.25\slf4j-api-1.7.25.jar;D:\apache-archiva-2.2.4-bin\archiva\repositories\repoproyecto\org\springframework\plugin\spring-plugin-core\1.2.0.RELEASE\spring-plugin-core-1.2.0.RELEASE.jar;D:\apache-archiva-2.2.4-bin\archiva\repositories\repoproyecto\org\springframework\plugin\spring-plugin-metadata\1.2.0.RELEASE\spring-plugin-metadata-1.2.0.RELEASE.jar;D:\apache-archiva-2.2.4-bin\archiva\repositories\repoproyecto\org\mapstruct\mapstruct\1.1.0.Final\mapstruct-1.1.0.Final.jar;D:\apache-archiva-2.2.4-bin\archiva\repositories\repoproyecto\io\springfox\springfox-swagger-ui\2.7.0\springfox-swagger-ui-2.7.0.jar;D:\apache-archiva-2.2.4-bin\archiva\repositories\repoproyecto\org\modelmapper\modelmapper\2.3.0\modelmapper-2.3.0.jar;D:\apache-archiva-2.2.4-bin\archiva\repositories\repoproyecto\org\assertj\assertj-core\3.6.2\assertj-core-3.6.2.jar;D:\apache-archiva-2.2.4-bin\archiva\repositories\repoproyecto\com\github\springtestdbunit\spring-test-dbunit\1.3.0\spring-test-dbunit-1.3.0.jar;D:\apache-archiva-2.2.4-bin\archiva\repositories\repoproyecto\javax\inject\javax.inject\1\javax.inject-1.jar;D:\apache-archiva-2.2.4-bin\archiva\repositories\repoproyecto\com\h2database\h2\1.4.197\h2-1.4.197.jar;D:\apache-archiva-2.2.4-bin\archiva\repositories\repoproyecto\org\dbunit\dbunit\2.5.0\dbunit-2.5.0.jar;D:\apache-archiva-2.2.4-bin\archiva\repositories\repoproyecto\commons-collections\commons-collections\3.2.1\commons-collections-3.2.1.jar;D:\apache-archiva-2.2.4-bin\archiva\repositories\repoproyecto\junit\junit\4.12\junit-4.12.jar;"/>
    <property name="sun.cpu.endian" value="little"/>
    <property name="user.home" value="C:\Users\Sofka"/>
    <property name="user.language" value="es"/>
    <property name="java.specification.vendor" value="Oracle Corporation"/>
    <property name="java.home" value="C:\Program Files\Java\jdk1.8.0_221\jre"/>
    <property name="basedir" value="C:\Users\Sofka\Documents\DianaGiraldo\Personal\Proyecto_Integrador2\back-end-GP\Backend-API"/>
    <property name="file.separator" value="\"/>
    <property name="line.separator" value="&#10;"/>
    <property name="java.vm.specification.vendor" value="Oracle Corporation"/>
    <property name="java.specification.name" value="Java Platform API Specification"/>
    <property name="java.awt.graphicsenv" value="sun.awt.Win32GraphicsEnvironment"/>
    <property name="surefire.real.class.path" value="C:\Users\Sofka\AppData\Local\Temp\surefire1771073360916091601\surefirebooter3427067811856365304.jar;D:\\apache-archiva-2.2.4-bin\\archiva\\repositories\\repoproyecto\\org\\jacoco\\org.jacoco.agent\\0.7.9\\org.jacoco.agent-0.7.9-runtime.jar"/>
    <property name="sun.boot.class.path" value="C:\Program Files\Java\jdk1.8.0_221\jre\lib\resources.jar;C:\Program Files\Java\jdk1.8.0_221\jre\lib\rt.jar;C:\Program Files\Java\jdk1.8.0_221\jre\lib\sunrsasign.jar;C:\Program Files\Java\jdk1.8.0_221\jre\lib\jsse.jar;C:\Program Files\Java\jdk1.8.0_221\jre\lib\jce.jar;C:\Program Files\Java\jdk1.8.0_221\jre\lib\charsets.jar;C:\Program Files\Java\jdk1.8.0_221\jre\lib\jfr.jar;C:\Program Files\Java\jdk1.8.0_221\jre\classes"/>
    <property name="user.script" value=""/>
    <property name="sun.management.compiler" value="HotSpot 64-Bit Tiered Compilers"/>
    <property name="java.runtime.version" value="1.8.0_221-b11"/>
    <property name="user.name" value="Sofka"/>
    <property name="path.separator" value=";"/>
    <property name="os.version" value="10.0"/>
    <property name="java.endorsed.dirs" value="C:\Program Files\Java\jdk1.8.0_221\jre\lib\endorsed"/>
    <property name="java.runtime.name" value="Java(TM) SE Runtime Environment"/>
    <property name="file.encoding" value="Cp1252"/>
    <property name="java.vm.name" value="Java HotSpot(TM) 64-Bit Server VM"/>
    <property name="localRepository" value="D:\apache-archiva-2.2.4-bin\archiva\repositories\repoproyecto"/>
    <property name="java.vendor.url.bug" value="http://bugreport.sun.com/bugreport/"/>
    <property name="java.io.tmpdir" value="C:\Users\Sofka\AppData\Local\Temp\"/>
    <property name="java.version" value="1.8.0_221"/>
    <property name="user.dir" value="C:\Users\Sofka\Documents\DianaGiraldo\Personal\Proyecto_Integrador2\back-end-GP\Backend-API"/>
    <property name="os.arch" value="amd64"/>
    <property name="java.vm.specification.name" value="Java Virtual Machine Specification"/>
    <property name="java.awt.printerjob" value="sun.awt.windows.WPrinterJob"/>
    <property name="sun.os.patch.level" value=""/>
    <property name="java.library.path" value="C:\Program Files\Java\jdk1.8.0_221\jre\bin;C:\WINDOWS\Sun\Java\bin;C:\WINDOWS\system32;C:\WINDOWS;C:/Program Files/Java/jre1.8.0_221/bin/server;C:/Program Files/Java/jre1.8.0_221/bin;C:/Program Files/Java/jre1.8.0_221/lib/amd64;C:\ProgramData\Anaconda3;C:\ProgramData\Anaconda3\Library\mingw-w64\bin;C:\ProgramData\Anaconda3\Library\usr\bin;C:\ProgramData\Anaconda3\Library\bin;C:\ProgramData\Anaconda3\Scripts;C:\oraclexe\app\oracle\product\11.2.0\server\bin;C:\Program Files (x86)\Common Files\Oracle\Java\javapath;C:\Program Files\IBM\WebSphere MQ\java\lib;C:\Program Files\IBM\WebSphere MQ\java\lib64;C:\Program Files (x86)\Intel\iCLS Client\;C:\Program Files\Intel\iCLS Client\;C:\WINDOWS\system32;C:\WINDOWS;C:\WINDOWS\System32\Wbem;C:\WINDOWS\System32\WindowsPowerShell\v1.0\;C:\Program Files (x86)\Intel\Intel(R) Management Engine Components\DAL;C:\Program Files\Intel\Intel(R) Management Engine Components\DAL;C:\Program Files (x86)\Intel\Intel(R) Management Engine Components\IPT;C:\Program Files\Intel\Intel(R) Management Engine Components\IPT;C:\Program Files\IBM\WebSphere MQ\bin64;C:\Program Files\IBM\WebSphere MQ\bin;C:\Program Files\IBM\WebSphere MQ\tools\c\samples\bin;C:\Program Files\PuTTY\;C:\Program Files (x86)\Microsoft SQL Server\Client SDK\ODBC\130\Tools\Binn\;C:\Program Files (x86)\Microsoft SQL Server\140\Tools\Binn\;C:\Program Files (x86)\Microsoft SQL Server\140\DTS\Binn\;C:\Program Files (x86)\Microsoft SQL Server\140\Tools\Binn\ManagementStudio\;C:\Program Files (x86)\Microsoft SQL Server\110\Tools\Binn\;C:\Program Files\Microsoft SQL Server\110\Tools\Binn\;C:\Program Files\Microsoft SQL Server\110\DTS\Binn\;C:\Program Files (x86)\Microsoft SQL Server\110\Tools\Binn\ManagementStudio\;C:\Program Files (x86)\Microsoft Visual Studio 10.0\Common7\IDE\PrivateAssemblies\;C:\Program Files (x86)\Microsoft SQL Server\110\DTS\Binn\;C:\Program Files\nodejs\;C:\WINDOWS\System32\OpenSSH\;C:\Program Files\Java\jdk1.8.0_221\bin;C:\Program Files\dotnet\;C:\Program Files\Microsoft SQL Server\130\Tools\Binn\;C:\Program Files\TortoiseSVN\bin;C:\MAVEN\apache-maven-3.6.0\bin;C:\Users\Sofka\Documents\DianaGiraldo\sonarqube-7.9.1\bin;C:\Program Files\Git\cmd;C:\Users\Sofka\AppData\Local\Microsoft\WindowsApps;C:\Users\Sofka\AppData\Local\Programs\Microsoft VS Code\bin;C:\Users\Sofka\AppData\Roaming\npm;C:\Users\Sofka\Documents\DianaGiraldo\sonarqube-7.9.1\bin;;C:\Users\Sofka\Documents\spring-tool-suite-4-4.1.1.RELEASE-e4.10.0-win32.win32.x86_64\sts-4.1.1.RELEASE;;."/>
    <property name="java.vm.info" value="mixed mode"/>
    <property name="java.vendor" value="Oracle Corporation"/>
    <property name="java.vm.version" value="25.221-b11"/>
    <property name="java.ext.dirs" value="C:\Program Files\Java\jdk1.8.0_221\jre\lib\ext;C:\WINDOWS\Sun\Java\lib\ext"/>
    <property name="sun.io.unicode.encoding" value="UnicodeLittle"/>
    <property name="java.class.version" value="52.0"/>
  </properties>
  <testcase name="debeDarelProyecto" classname="co.udea.proyecto.api.ProyectoUnitTest" time="1.589"/>
</testsuite>